<?xml version="1.0" encoding="UTF-8"?>
<!-- Generated by org.testng.reporters.JUnitReportReporter -->
<testsuite hostname="Sharanyas-MacBook-Pro.local" failures="0" tests="1" name="test1.visual.App" time="5.300" errors="0" timestamp="2024-05-03T10:24:03 EDT" skipped="0">
  <testcase classname="test1.visual.App" name="myTestCase" time="5.300"/>
</testsuite> <!-- test1.visual.App -->
